<?xml version="1.0" encoding="UTF-8"?>
<!-- Generated by org.testng.reporters.JUnitReportReporter -->
<testsuite hostname="SIT-PC" name="DownloadDemo" tests="1" failures="0" timestamp="9 Aug 2019 06:17:27 GMT" time="169.317" errors="0">
  <testcase name="dwnld" time="169.317" classname="DownloadDemo"/>
</testsuite> <!-- DownloadDemo -->
